============================= test session starts =============================
platform win32 -- Python 3.11.3, pytest-9.0.3, pluggy-1.6.0 -- C:\PKM\rekap-in\.venv\Scripts\python.exe
cachedir: .pytest_cache
rootdir: C:\PKM\rekap-in
configfile: pyproject.toml
plugins: anyio-4.13.0, asyncio-1.3.0, base-url-2.1.0, cov-7.1.0, playwright-0.7.2
asyncio: mode=Mode.AUTO, debug=False, asyncio_default_fixture_loop_scope=None, asyncio_default_test_loop_scope=function
collecting ... collected 13 items

tests/test_login.py::test_login_success_redirects_to_dashboard PASSED    [  7%]
tests/test_login.py::test_login_invalid_credentials_raises PASSED        [ 15%]
tests/test_login.py::test_login_redacts_credentials_in_logs PASSED       [ 23%]
tests/test_login.py::test_login_native_select_option_used PASSED         [ 30%]
tests/test_navigation.py::test_navigation_to_daftar_succeeds PASSED      [ 38%]
tests/test_navigation.py::test_navigation_missing_link_raises PASSED     [ 46%]
tests/test_navigation.py::test_is_logged_in_detects_login_page PASSED    [ 53%]
tests/test_navigation.py::test_is_logged_in_detects_dashboard PASSED     [ 61%]
tests/test_filter.py::test_resolve_ruang_id_known_name PASSED            [ 69%]
tests/test_filter.py::test_resolve_ruang_id_none_returns_all PASSED      [ 76%]
tests/test_filter.py::test_resolve_ruang_id_unknown_raises PASSED        [ 84%]
tests/test_filter.py::test_resolve_ruang_id_case_insensitive PASSED      [ 92%]
tests/test_filter.py::test_apply_filter_sets_date_and_ruang PASSED       [100%]

============================= 13 passed in 50.35s =============================
