============================= test session starts =============================
platform win32 -- Python 3.11.3, pytest-9.0.3, pluggy-1.6.0 -- C:\PKM\rekap-in\.venv\Scripts\python.exe
cachedir: .pytest_cache
rootdir: C:\PKM\rekap-in
configfile: pyproject.toml
plugins: anyio-4.13.0, asyncio-1.3.0, base-url-2.1.0, cov-7.1.0, playwright-0.7.2
asyncio: mode=Mode.AUTO, debug=False, asyncio_default_fixture_loop_scope=None, asyncio_default_test_loop_scope=function
collecting ... collected 56 items

tests/test_browser.py::test_browser_launches_and_closes PASSED           [  1%]
tests/test_browser.py::test_browser_respects_visible_mode PASSED         [  3%]
tests/test_browser.py::test_screenshot_saves_to_evidence_dir PASSED      [  5%]
tests/test_config.py::test_settings_loads_from_env PASSED                [  7%]
tests/test_config.py::test_settings_password_redacted_in_repr PASSED     [  8%]
tests/test_config.py::test_settings_missing_required_fails PASSED        [ 10%]
tests/test_config.py::test_ruang_list_non_empty PASSED                   [ 12%]
tests/test_config.py::test_selectors_yaml_loads PASSED                   [ 14%]
tests/test_config.py::test_selectors_yaml_invalid_raises PASSED          [ 16%]
tests/test_event_bus.py::test_publish_then_subscribe_yields_event PASSED [ 17%]
tests/test_event_bus.py::test_close_terminates_subscription PASSED       [ 19%]
tests/test_event_bus.py::test_unknown_job_subscribe_creates_queue PASSED [ 21%]
tests/test_event_bus.py::test_module_singleton_is_instance PASSED        [ 23%]
tests/test_extract.py::test_extract_returns_visits_from_fixture PASSED   [ 25%]
tests/test_extract.py::test_extract_calls_progress_callback_per_row PASSED [ 26%]
tests/test_extract.py::test_extract_handles_empty_table PASSED           [ 28%]
tests/test_extract.py::test_extract_raises_when_session_expired PASSED   [ 30%]
tests/test_extract.py::test_extract_does_not_log_full_rm_or_name PASSED  [ 32%]
tests/test_extract.py::test_parse_dmy_date_valid PASSED                  [ 33%]
tests/test_extract.py::test_redact_rm PASSED                             [ 35%]
tests/test_filter.py::test_resolve_ruang_id_known_name PASSED            [ 37%]
tests/test_filter.py::test_resolve_ruang_id_none_returns_all PASSED      [ 39%]
tests/test_filter.py::test_resolve_ruang_id_unknown_raises PASSED        [ 41%]
tests/test_filter.py::test_resolve_ruang_id_case_insensitive PASSED      [ 42%]
tests/test_filter.py::test_apply_filter_sets_date_and_ruang PASSED       [ 44%]
tests/test_login.py::test_login_success_redirects_to_dashboard PASSED    [ 46%]
tests/test_login.py::test_login_invalid_credentials_raises PASSED        [ 48%]
tests/test_login.py::test_login_redacts_credentials_in_logs PASSED       [ 50%]
tests/test_login.py::test_login_native_select_option_used PASSED         [ 51%]
tests/test_models.py::test_visit_creation PASSED                         [ 53%]
tests/test_models.py::test_visit_treatment_cascade PASSED                [ 55%]
tests/test_models.py::test_visit_unique_constraint PASSED                [ 57%]
tests/test_models.py::test_recap_unique_per_date PASSED                  [ 58%]
tests/test_models.py::test_job_status_enum PASSED                        [ 60%]
tests/test_navigation.py::test_navigation_to_daftar_succeeds PASSED      [ 62%]
tests/test_navigation.py::test_navigation_missing_link_raises PASSED     [ 64%]
tests/test_navigation.py::test_is_logged_in_detects_login_page PASSED    [ 66%]
tests/test_navigation.py::test_is_logged_in_detects_dashboard PASSED     [ 67%]
tests/test_orchestrator.py::test_orchestrator_happy_path PASSED          [ 69%]
tests/test_orchestrator.py::test_orchestrator_session_expiry_retries_once PASSED [ 71%]
tests/test_orchestrator.py::test_orchestrator_login_error_marks_error PASSED [ 73%]
tests/test_orchestrator.py::test_orchestrator_concurrent_trigger_rejected PASSED [ 75%]
tests/test_orchestrator.py::test_orchestrator_cancellation_marks_cancelled PASSED [ 76%]
tests/test_repositories.py::test_add_visit_with_treatments_persists PASSED [ 78%]
tests/test_repositories.py::test_upsert_visit_replaces_treatments PASSED [ 80%]
tests/test_repositories.py::test_recap_upsert_inserts_then_updates_on_same_date PASSED [ 82%]
tests/test_repositories.py::test_get_active_job_returns_running_only PASSED [ 83%]
tests/test_repositories.py::test_list_visits_filters_by_date_and_ruang PASSED [ 85%]
tests/test_schemas.py::test_scrape_request_single_mode_defaults_tanggal_to PASSED [ 87%]
tests/test_schemas.py::test_scrape_request_range_validates_order PASSED  [ 89%]
tests/test_schemas.py::test_scrape_request_range_max_31_days PASSED      [ 91%]
tests/test_schemas.py::test_scrape_request_range_within_limit_ok PASSED  [ 92%]
tests/test_schemas.py::test_visit_out_serializes_decimal_as_string_or_number PASSED [ 94%]
tests/test_schemas.py::test_progress_event_validates_event_type PASSED   [ 96%]
tests/test_smoke.py::test_python_version PASSED                          [ 98%]
tests/test_smoke.py::test_event_loop_runs PASSED                         [100%]

======================== 56 passed in 65.28s (0:01:05) ========================
